  Render view home/home 
  Render view error 
  Render view error 
  Render view error 
  Render view error 
  Render view error 
  Render view error 
  Render view error 
  Render view error 
  Render view error [32m(245ms)[39m
  Render view error [32m(7ms)[39m
  Render view error [32m(237ms)[39m
  Render view error [32m(8ms)[39m
  Render view home/home [32m(422ms)[39m
  Render view error [32m(2ms)[39m
  Render view home/home [32m(104ms)[39m
  Render view home/home [32m(442ms)[39m
  Render view home/home [32m(436ms)[39m
  Render view profile/profile [32m(114ms)[39m
  Render view home/home [32m(73ms)[39m
  Render view blogs/blogs [32m(67ms)[39m
  Render view home/home [32m(51ms)[39m
  Render view home/home [32m(425ms)[39m
  Render view home/home [32m(68ms)[39m
  Render view profile/profile [32m(46ms)[39m
  Render view home/home [32m(59ms)[39m
  Render view home/home [32m(116ms)[39m
  Render view home/home [32m(69ms)[39m
  Render view profile/profile [32m(79ms)[39m
  Render view profile/profile [32m(67ms)[39m
  Render view profile/profile [32m(90ms)[39m
  Render view profile/profile [32m(40ms)[39m
  Render view profile/profile [32m(59ms)[39m
  Render view profile/profile [32m(46ms)[39m
  Render view profile/profile [32m(44ms)[39m
  Render view profile/profile [32m(57ms)[39m
  Render view profile/profile [32m(44ms)[39m
  Render view profile/profile [32m(29ms)[39m
  Render view profile/profile [32m(73ms)[39m
  Render view profile/profile [32m(31ms)[39m
  Render view profile/profile [32m(71ms)[39m
  Render view profile/profile [32m(50ms)[39m
  Render view profile/profile [32m(50ms)[39m
  Render view profile/profile [32m(61ms)[39m
  Render view profile/profile [32m(58ms)[39m
  Render view profile/profile [32m(81ms)[39m
  Render view profile/profile [32m(61ms)[39m
  Render view profile/profile [32m(37ms)[39m
  Render view error [32m(1ms)[39m
  Render view profile/profile [32m(57ms)[39m
  Render view profile/profile [32m(43ms)[39m
  Render view profile/profile [32m(49ms)[39m
  Render view profile/profile [32m(55ms)[39m
  Render view profile/profile [32m(76ms)[39m
  Render view profile/profile [32m(42ms)[39m
  Render view profile/profile [32m(40ms)[39m
  Render view profile/profile [32m(58ms)[39m
  Render view blogs/blogs [32m(88ms)[39m
  Render view blog/blog [32m(94ms)[39m
  Render view error [32m(2ms)[39m
  Render view error [32m(1ms)[39m
  Render view error [32m(1ms)[39m
  Render view error [32m(1ms)[39m
  Render view error [32m(1ms)[39m
  Render view error [32m(1ms)[39m
  Render view error [32m(3ms)[39m
  Render view error [32m(1ms)[39m
  Render view error [32m(6ms)[39m
  Render view blog/blog [32m(407ms)[39m
  Render view error [32m(5ms)[39m
  Render view blog/blog [32m(409ms)[39m
  Render view error [32m(5ms)[39m
  Render view blog/blog [32m(436ms)[39m
  Render view error [32m(5ms)[39m
  Render view blog/blog [32m(405ms)[39m
  Render view blog/blog [32m(379ms)[39m
  Render view blog/blog [32m(393ms)[39m
  Render view blog/blog [32m(81ms)[39m
  Render view blog/blog [32m(91ms)[39m
  Render view blog/blog [32m(47ms)[39m
  Render view blog/blog [32m(43ms)[39m
  Render view blog/blog [32m(465ms)[39m
  Render view blog/blog [32m(93ms)[39m
  Render view blog/blog [32m(464ms)[39m
  Render view blog/blog [32m(64ms)[39m
  Render view blog/blog [32m(74ms)[39m
  Render view blog/blog [32m(66ms)[39m
  Render view home/home [32m(76ms)[39m
  Render view blogs/blogs [32m(55ms)[39m
  Render view blog/blog [32m(65ms)[39m
  Render view blogs/blogs [32m(48ms)[39m
  Render view blog/blog [32m(38ms)[39m
  Render view blog/blog [32m(75ms)[39m
  Render view blog/blog [32m(44ms)[39m
  Render view blog/blog [32m(83ms)[39m
  Render view blog/blog [32m(30ms)[39m
  Render view blog/blog [32m(36ms)[39m
  Render view home/home [32m(42ms)[39m
  Render view home/home [32m(62ms)[39m
  Render view home/home [32m(76ms)[39m
  Render view blog/blog [32m(48ms)[39m
  Render view home/home [32m(55ms)[39m
  Render view blog/blog [32m(25ms)[39m
  Render view home/home [32m(49ms)[39m
  Render view home/home [32m(72ms)[39m
  Render view blog/blog [32m(71ms)[39m
  Render view home/home [32m(44ms)[39m
  Render view blogs/blogs [32m(49ms)[39m
  Render view blog/blog [32m(42ms)[39m
  Render view home/home [32m(66ms)[39m
  Render view blog/blog [32m(36ms)[39m
  Render view blog/blog [32m(58ms)[39m
  Render view blog/blog [32m(24ms)[39m
  Render view blogs/blogs [32m(33ms)[39m
  Render view blogs/blogs [32m(446ms)[39m
  Render view home/home [32m(101ms)[39m
  Render view error [32m(13ms)[39m
  Render view home/home [32m(79ms)[39m
  Render view blogs/blogs [32m(50ms)[39m
  Render view blog/blog [32m(69ms)[39m
  Render view blogs/blogs [32m(59ms)[39m
  Render view blog/blog [32m(64ms)[39m
  Render view profile/profile [32m(72ms)[39m
  Render view home/home [32m(85ms)[39m
  Render view profile/profile [32m(72ms)[39m
  Render view profile/profile [32m(48ms)[39m
  Render view home/home [32m(38ms)[39m
  Render view blog/blog [32m(40ms)[39m
  Render view blog/blog [32m(32ms)[39m
  Render view blogs/blogs [32m(48ms)[39m
  Render view home/home [32m(67ms)[39m
  Render view home/home [32m(62ms)[39m
  Render view home/home [32m(425ms)[39m
  Render view error [32m(2ms)[39m
  Render view admin/login/login [32m(5ms)[39m
  Render view admin/login/login [32m(351ms)[39m
  Render view admin/login/login [32m(364ms)[39m
  Render view admin/login/login [32m(364ms)[39m
  Render view admin/login/login [32m(339ms)[39m
  Render view error [32m(16ms)[39m
  Render view admin/login/login [32m(243ms)[39m
  Render view admin/login/login [32m(298ms)[39m
  Render view admin/login/login [32m(37ms)[39m
  Render view admin/login/login [32m(21ms)[39m
  Render view admin/login/login [32m(320ms)[39m
  Render view admin/login/login [32m(295ms)[39m
  Render view admin/login/login [32m(66ms)[39m
  Render view admin/login/login [32m(22ms)[39m
  Render view admin/login/login [32m(15ms)[39m
  Render view admin/login/login [32m(13ms)[39m
  Render view admin/login/login [32m(17ms)[39m
  Render view admin/login/login [32m(13ms)[39m
  Render view admin/login/login [32m(27ms)[39m
  Render view admin/login/login [32m(14ms)[39m
  Render view admin/login/login [32m(14ms)[39m
  Render view admin/login/login [32m(306ms)[39m
  Render view admin/login/login [32m(310ms)[39m
  Render view admin/login/login [32m(313ms)[39m
  Render view error [32m(17ms)[39m
  Render view admin/login/login [32m(290ms)[39m
  Render view admin/login/login [32m(385ms)[39m
  Render view admin/login/login [32m(388ms)[39m
  Render view admin/login/login [32m(367ms)[39m
  Render view admin/login/login [32m(67ms)[39m
  Render view admin/login/login [32m(328ms)[39m
  Render view admin/login/login [32m(368ms)[39m
  Render view admin/login/login [32m(56ms)[39m
  Render view admin/login/login [32m(52ms)[39m
  Render view admin/login/login [32m(32ms)[39m
  Render view admin/login/login [32m(315ms)[39m
  Render view error [32m(2ms)[39m
  Render view admin/login/login [32m(36ms)[39m
  Render view admin/login/login [32m(28ms)[39m
  Render view admin/login/login [32m(25ms)[39m
  Render view admin/login/login [32m(301ms)[39m
  Render view admin/login/login [32m(39ms)[39m
  Render view admin/login/login [32m(19ms)[39m
  Render view admin/login/login [32m(21ms)[39m
  Render view admin/login/login [32m(24ms)[39m
  Render view admin/login/login [32m(340ms)[39m
  Render view admin/login/login [32m(47ms)[39m
  Render view admin/login/login [32m(30ms)[39m
  Render view admin/login/login [32m(62ms)[39m
  Render view admin/login/login [32m(327ms)[39m
  Render view admin/login/login [32m(30ms)[39m
  Render view admin/login/login [32m(355ms)[39m
  Render view admin/login/login [32m(313ms)[39m
  Render view admin/login/login [32m(68ms)[39m
  Render view admin/login/login [32m(307ms)[39m
  Render view admin/login/login [32m(330ms)[39m
  Render view admin/login/login [32m(45ms)[39m
  Render view admin/login/login [32m(19ms)[39m
  Render view admin/login/login [32m(40ms)[39m
  Render view admin/login/login [32m(31ms)[39m
  Render view admin/login/login [32m(305ms)[39m
  Render view admin/login/login [32m(330ms)[39m
  Render view admin/login/login [32m(345ms)[39m
  Render view admin/login/login [32m(73ms)[39m
  Render view admin/login/login [32m(322ms)[39m
  Render view admin/login/login [32m(102ms)[39m
  Render view admin/login/login [32m(20ms)[39m
  Render view admin/login/login [32m(19ms)[39m
  Render view admin/login/login [32m(336ms)[39m
  Render view admin/login/login [32m(57ms)[39m
  Render view admin/login/login [32m(34ms)[39m
  Render view admin/login/login [32m(349ms)[39m
  Render view admin/login/login [32m(347ms)[39m
  Render view admin/login/login [32m(83ms)[39m
  Render view admin/login/login [32m(23ms)[39m
  Render view admin/login/login [32m(37ms)[39m
  Render view admin/login/login [32m(344ms)[39m
  Render view admin/login/login [32m(308ms)[39m
  Render view admin/login/login [32m(55ms)[39m
  Render view admin/login/login [32m(30ms)[39m
  Render view admin/login/login [32m(339ms)[39m
  Render view admin/login/login [32m(77ms)[39m
  Render view admin/login/login [32m(55ms)[39m
  Render view home/home [32m(195ms)[39m
  Render view profile/profile [32m(87ms)[39m
  Render view admin/login/login [32m(24ms)[39m
  Render view admin/login/login [32m(345ms)[39m
  Render view admin/login/login [32m(301ms)[39m
  Render view admin/login/login [32m(48ms)[39m
  Render view admin/login/login [32m(20ms)[39m
  Render view admin/login/login [32m(31ms)[39m
  Render view admin/login/login [32m(332ms)[39m
  Render view admin/login/login [32m(76ms)[39m
  Render view admin/login/login [32m(313ms)[39m
  Render view admin/login/login [32m(67ms)[39m
  Render view admin/login/login [32m(33ms)[39m
  Render view admin/login/login [32m(33ms)[39m
  Render view admin/login/login [32m(305ms)[39m
  Render view admin/login/login [32m(359ms)[39m
  Render view admin/login/login [32m(309ms)[39m
  Render view admin/login/login [32m(40ms)[39m
  Render view admin/login/login [32m(19ms)[39m
  Render view admin/login/login [32m(51ms)[39m
  Render view admin/login/login [32m(30ms)[39m
  Render view admin/login/login [32m(20ms)[39m
  Render view admin/login/login [32m(33ms)[39m
  Render view admin/login/login [32m(49ms)[39m
  Render view admin/login/login [32m(26ms)[39m
  Render view admin/login/login [32m(70ms)[39m
  Render view admin/login/login [32m(27ms)[39m
  Render view admin/login/login [32m(22ms)[39m
  Render view admin/login/login [32m(18ms)[39m
  Render view admin/login/login [32m(30ms)[39m
  Render view admin/login/login [32m(56ms)[39m
  Render view admin/login/login [32m(25ms)[39m
  Render view admin/login/login [32m(28ms)[39m
  Render view admin/login/login [32m(24ms)[39m
  Render view admin/login/login [32m(37ms)[39m
  Render view admin/login/login [32m(344ms)[39m
  Render view admin/login/login [32m(342ms)[39m
  Render view admin/login/login [32m(34ms)[39m
  Render view admin/login/login [32m(26ms)[39m
  Render view admin/login/login [32m(328ms)[39m
  Render view admin/login/login [32m(348ms)[39m
  Render view admin/login/login [32m(52ms)[39m
  Render view admin/login/login [32m(19ms)[39m
  Render view admin/login/login [32m(23ms)[39m
  Render view admin/login/login [32m(31ms)[39m
  Render view admin/login/login [32m(25ms)[39m
  Render view admin/login/login [32m(346ms)[39m
  Render view admin/login/login [32m(69ms)[39m
  Render view admin/login/login [32m(20ms)[39m
  Render view admin/login/login [32m(20ms)[39m
  Render view admin/login/login [32m(24ms)[39m
  Render view admin/login/login [32m(25ms)[39m
  Render view admin/login/login [32m(335ms)[39m
  Render view admin/login/login [32m(64ms)[39m
  Render view admin/login/login [32m(40ms)[39m
  Render view admin/login/login [32m(346ms)[39m
  Render view admin/login/login [32m(324ms)[39m
  Render view admin/login/login [32m(61ms)[39m
  Render view admin/login/login [32m(372ms)[39m
  Render view admin/login/login [32m(347ms)[39m
  Render view admin/login/login [32m(62ms)[39m
  Render view admin/login/login [32m(23ms)[39m
  Render view admin/login/login [32m(332ms)[39m
  Render view admin/login/login [32m(50ms)[39m
  Render view admin/login/login [32m(40ms)[39m
  Render view admin/login/login [32m(34ms)[39m
  Render view admin/login/login [32m(363ms)[39m
  Render view admin/login/login [32m(339ms)[39m
  Render view admin/login/login [32m(43ms)[39m
  Render view admin/login/login [32m(327ms)[39m
  Render view admin/login/login [32m(65ms)[39m
  Render view admin/login/login [32m(45ms)[39m
  Render view admin/login/login [32m(39ms)[39m
  Render view admin/login/login [32m(39ms)[39m
  Render view admin/login/login [32m(25ms)[39m
  Render view admin/login/login [32m(45ms)[39m
  Render view admin/login/login [32m(334ms)[39m
  Render view admin/login/login [32m(50ms)[39m
  Render view admin/login/login [32m(29ms)[39m
  Render view admin/login/login [32m(326ms)[39m
  Render view admin/login/login [32m(340ms)[39m
  Render view admin/login/login [32m(67ms)[39m
  Render view admin/login/login [32m(326ms)[39m
  Render view admin/login/login [32m(54ms)[39m
  Render view admin/login/login [32m(29ms)[39m
  Render view admin/login/login [32m(36ms)[39m
  Render view admin/login/login [32m(22ms)[39m
  Render view admin/login/login [32m(36ms)[39m
  Render view admin/login/login [32m(29ms)[39m
  Render view admin/login/login [32m(351ms)[39m
  Render view admin/login/login [32m(66ms)[39m
  Render view admin/login/login [32m(321ms)[39m
  Render view error [32m(3ms)[39m
  Render view admin/login/login [32m(72ms)[39m
  Render view error [32m(2ms)[39m
  Render view admin/login/login [32m(358ms)[39m
  Render view error [32m(4ms)[39m
  Render view admin/login/login [32m(62ms)[39m
  Render view admin/login/login [32m(344ms)[39m
  Render view admin/login/login [32m(328ms)[39m
  Render view admin/login/login [32m(57ms)[39m
  Render view admin/login/login [32m(521ms)[39m
  Render view admin/login/login [32m(54ms)[39m
  Render view admin/login/login [32m(40ms)[39m
  Render view admin/login/login [32m(400ms)[39m
  Render view admin/login/login [32m(357ms)[39m
  Render view admin/login/login [32m(370ms)[39m
  Render view admin/login/login [32m(405ms)[39m
  Render view admin/login/login [32m(347ms)[39m
  Render view admin/login/login [32m(382ms)[39m
  Render view error [32m(245ms)[39m
  Render view admin/login/login [32m(105ms)[39m
  Render view admin/login/login [32m(333ms)[39m
  Render view admin/login/login [32m(341ms)[39m
  Render view admin/login/login [32m(349ms)[39m
  Render view error [32m(285ms)[39m
  Render view admin/login/login [32m(351ms)[39m
  Render view error [32m(3ms)[39m
  Render view home/home [32m(435ms)[39m
  Render view blogs/blogs [32m(69ms)[39m
  Render view home/home [32m(88ms)[39m
  Render view home/home [32m(64ms)[39m
  Render view home/home [32m(53ms)[39m
  Render view home/home [32m(67ms)[39m
  Render view home/home [32m(84ms)[39m
  Render view home/home [32m(61ms)[39m
  Render view home/home [32m(56ms)[39m
  Render view home/home [32m(43ms)[39m
  Render view home/home [32m(57ms)[39m
  Render view home/home [32m(37ms)[39m
  Render view home/home [32m(52ms)[39m
  Render view home/home [32m(496ms)[39m
  Render view home/home [32m(433ms)[39m
  Render view home/home [32m(466ms)[39m
  Render view home/home [32m(88ms)[39m
  Render view home/home [32m(76ms)[39m
  Render view home/home [32m(480ms)[39m
  Render view home/home [32m(119ms)[39m
  Render view home/home [32m(464ms)[39m
  Render view profile/profile [32m(79ms)[39m
  Render view profile/profile [32m(430ms)[39m
  Render view profile/profile [32m(72ms)[39m
  Render view home/home [32m(89ms)[39m
  Render view blogs/blogs [32m(427ms)[39m
  Render view error [32m(3ms)[39m
  Render view blog/blog [32m(78ms)[39m
  Render view error [32m(10ms)[39m
  Render view blog/blog [32m(415ms)[39m
  Render view error [32m(6ms)[39m
  Render view blog/blog [32m(408ms)[39m
  Render view error [32m(7ms)[39m
  Render view blog/blog [32m(413ms)[39m
  Render view blogs/blogs [32m(98ms)[39m
  Render view blogs/blogs [32m(69ms)[39m
  Render view blogs/blogs [32m(41ms)[39m
  Render view profile/profile [32m(53ms)[39m
  Render view profile/profile [32m(65ms)[39m
  Render view home/home [32m(77ms)[39m
  Render view home/home [32m(478ms)[39m
  Render view home/home [32m(113ms)[39m
  Render view error [32m(4ms)[39m
  Render view home/home [32m(67ms)[39m
  Render view profile/profile [32m(53ms)[39m
  Render view profile/profile [32m(443ms)[39m
